2020-03-13 14:05:07,837 INFO o.s.b.StartupInfoLogger [main] Starting GradadmApplication on SHUBHAM-PC with PID 7308 (C:\Users\shubh\git\gradadm\target\classes started by shubh in C:\Users\shubh\git\gradadm)
2020-03-13 14:05:07,850 DEBUG o.s.b.StartupInfoLogger [main] Running with Spring Boot v2.2.2.RELEASE, Spring v5.2.2.RELEASE
2020-03-13 14:05:07,851 INFO o.s.b.SpringApplication [main] No active profile set, falling back to default profiles: default
2020-03-13 14:05:09,085 INFO o.a.j.l.DirectJDKLog [main] Initializing ProtocolHandler ["http-nio-8080"]
2020-03-13 14:05:09,086 INFO o.a.j.l.DirectJDKLog [main] Starting service [Tomcat]
2020-03-13 14:05:09,088 INFO o.a.j.l.DirectJDKLog [main] Starting Servlet engine: [Apache Tomcat/9.0.29]
2020-03-13 14:05:09,382 WARN o.a.j.l.DirectJDKLog [main] Failed to scan [file:/C:/Users/shubh/.m2/repository/com/oracle/ojdbc8/19.3/oraclepki.jar] from classloader hierarchy
java.io.FileNotFoundException: C:\Users\shubh\.m2\repository\com\oracle\ojdbc8\19.3\oraclepki.jar (The system cannot find the file specified)
	at java.util.zip.ZipFile.open(Native Method) ~[?:1.8.0_191]
	at java.util.zip.ZipFile.<init>(ZipFile.java:225) ~[?:1.8.0_191]
	at java.util.zip.ZipFile.<init>(ZipFile.java:155) ~[?:1.8.0_191]
	at java.util.jar.JarFile.<init>(JarFile.java:166) ~[?:1.8.0_191]
	at java.util.jar.JarFile.<init>(JarFile.java:130) ~[?:1.8.0_191]
	at org.apache.tomcat.util.compat.JreCompat.jarFileNewInstance(JreCompat.java:177) ~[tomcat-embed-core-9.0.29.jar:9.0.29]
	at org.apache.tomcat.util.scan.JarFileUrlJar.<init>(JarFileUrlJar.java:65) ~[tomcat-embed-core-9.0.29.jar:9.0.29]
	at org.apache.tomcat.util.scan.JarFactory.newInstance(JarFactory.java:49) ~[tomcat-embed-core-9.0.29.jar:9.0.29]
	at org.apache.tomcat.util.scan.StandardJarScanner.process(StandardJarScanner.java:374) ~[tomcat-embed-core-9.0.29.jar:9.0.29]
	at org.apache.tomcat.util.scan.StandardJarScanner.processURLs(StandardJarScanner.java:309) [tomcat-embed-core-9.0.29.jar:9.0.29]
	at org.apache.tomcat.util.scan.StandardJarScanner.doScanClassPath(StandardJarScanner.java:266) [tomcat-embed-core-9.0.29.jar:9.0.29]
	at org.apache.tomcat.util.scan.StandardJarScanner.scan(StandardJarScanner.java:229) [tomcat-embed-core-9.0.29.jar:9.0.29]
	at org.apache.jasper.servlet.TldScanner.scanJars(TldScanner.java:262) [tomcat-embed-jasper-9.0.29.jar:9.0.29]
	at org.apache.jasper.servlet.TldScanner.scan(TldScanner.java:104) [tomcat-embed-jasper-9.0.29.jar:9.0.29]
	at org.apache.jasper.servlet.JasperInitializer.onStartup(JasperInitializer.java:83) [tomcat-embed-jasper-9.0.29.jar:9.0.29]
	at org.apache.catalina.core.StandardContext.startInternal(StandardContext.java:5135) [tomcat-embed-core-9.0.29.jar:9.0.29]
	at org.apache.catalina.util.LifecycleBase.start(LifecycleBase.java:183) [tomcat-embed-core-9.0.29.jar:9.0.29]
	at org.apache.catalina.core.ContainerBase$StartChild.call(ContainerBase.java:1384) [tomcat-embed-core-9.0.29.jar:9.0.29]
	at org.apache.catalina.core.ContainerBase$StartChild.call(ContainerBase.java:1374) [tomcat-embed-core-9.0.29.jar:9.0.29]
	at java.util.concurrent.FutureTask.run(FutureTask.java:266) [?:1.8.0_191]
	at org.apache.tomcat.util.threads.InlineExecutorService.execute(InlineExecutorService.java:75) [tomcat-embed-core-9.0.29.jar:9.0.29]
	at java.util.concurrent.AbstractExecutorService.submit(AbstractExecutorService.java:134) [?:1.8.0_191]
	at org.apache.catalina.core.ContainerBase.startInternal(ContainerBase.java:909) [tomcat-embed-core-9.0.29.jar:9.0.29]
	at org.apache.catalina.core.StandardHost.startInternal(StandardHost.java:841) [tomcat-embed-core-9.0.29.jar:9.0.29]
	at org.apache.catalina.util.LifecycleBase.start(LifecycleBase.java:183) [tomcat-embed-core-9.0.29.jar:9.0.29]
	at org.apache.catalina.core.ContainerBase$StartChild.call(ContainerBase.java:1384) [tomcat-embed-core-9.0.29.jar:9.0.29]
	at org.apache.catalina.core.ContainerBase$StartChild.call(ContainerBase.java:1374) [tomcat-embed-core-9.0.29.jar:9.0.29]
	at java.util.concurrent.FutureTask.run(FutureTask.java:266) [?:1.8.0_191]
	at org.apache.tomcat.util.threads.InlineExecutorService.execute(InlineExecutorService.java:75) [tomcat-embed-core-9.0.29.jar:9.0.29]
	at java.util.concurrent.AbstractExecutorService.submit(AbstractExecutorService.java:134) [?:1.8.0_191]
	at org.apache.catalina.core.ContainerBase.startInternal(ContainerBase.java:909) [tomcat-embed-core-9.0.29.jar:9.0.29]
	at org.apache.catalina.core.StandardEngine.startInternal(StandardEngine.java:262) [tomcat-embed-core-9.0.29.jar:9.0.29]
	at org.apache.catalina.util.LifecycleBase.start(LifecycleBase.java:183) [tomcat-embed-core-9.0.29.jar:9.0.29]
	at org.apache.catalina.core.StandardService.startInternal(StandardService.java:421) [tomcat-embed-core-9.0.29.jar:9.0.29]
	at org.apache.catalina.util.LifecycleBase.start(LifecycleBase.java:183) [tomcat-embed-core-9.0.29.jar:9.0.29]
	at org.apache.catalina.core.StandardServer.startInternal(StandardServer.java:930) [tomcat-embed-core-9.0.29.jar:9.0.29]
	at org.apache.catalina.util.LifecycleBase.start(LifecycleBase.java:183) [tomcat-embed-core-9.0.29.jar:9.0.29]
	at org.apache.catalina.startup.Tomcat.start(Tomcat.java:459) [tomcat-embed-core-9.0.29.jar:9.0.29]
	at org.springframework.boot.web.embedded.tomcat.TomcatWebServer.initialize(TomcatWebServer.java:107) [spring-boot-2.2.2.RELEASE.jar:2.2.2.RELEASE]
	at org.springframework.boot.web.embedded.tomcat.TomcatWebServer.<init>(TomcatWebServer.java:88) [spring-boot-2.2.2.RELEASE.jar:2.2.2.RELEASE]
	at org.springframework.boot.web.embedded.tomcat.TomcatServletWebServerFactory.getTomcatWebServer(TomcatServletWebServerFactory.java:438) [spring-boot-2.2.2.RELEASE.jar:2.2.2.RELEASE]
	at org.springframework.boot.web.embedded.tomcat.TomcatServletWebServerFactory.getWebServer(TomcatServletWebServerFactory.java:191) [spring-boot-2.2.2.RELEASE.jar:2.2.2.RELEASE]
	at org.springframework.boot.web.servlet.context.ServletWebServerApplicationContext.createWebServer(ServletWebServerApplicationContext.java:180) [spring-boot-2.2.2.RELEASE.jar:2.2.2.RELEASE]
	at org.springframework.boot.web.servlet.context.ServletWebServerApplicationContext.onRefresh(ServletWebServerApplicationContext.java:153) [spring-boot-2.2.2.RELEASE.jar:2.2.2.RELEASE]
	at org.springframework.context.support.AbstractApplicationContext.refresh(AbstractApplicationContext.java:544) [spring-context-5.2.2.RELEASE.jar:5.2.2.RELEASE]
	at org.springframework.boot.web.servlet.context.ServletWebServerApplicationContext.refresh(ServletWebServerApplicationContext.java:141) [spring-boot-2.2.2.RELEASE.jar:2.2.2.RELEASE]
	at org.springframework.boot.SpringApplication.refresh(SpringApplication.java:747) [spring-boot-2.2.2.RELEASE.jar:2.2.2.RELEASE]
	at org.springframework.boot.SpringApplication.refreshContext(SpringApplication.java:397) [spring-boot-2.2.2.RELEASE.jar:2.2.2.RELEASE]
	at org.springframework.boot.SpringApplication.run(SpringApplication.java:315) [spring-boot-2.2.2.RELEASE.jar:2.2.2.RELEASE]
	at org.springframework.boot.SpringApplication.run(SpringApplication.java:1226) [spring-boot-2.2.2.RELEASE.jar:2.2.2.RELEASE]
	at org.springframework.boot.SpringApplication.run(SpringApplication.java:1215) [spring-boot-2.2.2.RELEASE.jar:2.2.2.RELEASE]
	at com.panther.gradadm.GradadmApplication.main(GradadmApplication.java:22) [classes/:?]
2020-03-13 14:05:09,396 WARN o.a.j.l.DirectJDKLog [main] Failed to scan [file:/C:/Users/shubh/.m2/repository/com/mchange/c3p0/0.9.5.3/mchange-commons-java-0.2.15.jar] from classloader hierarchy
java.io.FileNotFoundException: C:\Users\shubh\.m2\repository\com\mchange\c3p0\0.9.5.3\mchange-commons-java-0.2.15.jar (The system cannot find the file specified)
	at java.util.zip.ZipFile.open(Native Method) ~[?:1.8.0_191]
	at java.util.zip.ZipFile.<init>(ZipFile.java:225) ~[?:1.8.0_191]
	at java.util.zip.ZipFile.<init>(ZipFile.java:155) ~[?:1.8.0_191]
	at java.util.jar.JarFile.<init>(JarFile.java:166) ~[?:1.8.0_191]
	at java.util.jar.JarFile.<init>(JarFile.java:130) ~[?:1.8.0_191]
	at org.apache.tomcat.util.compat.JreCompat.jarFileNewInstance(JreCompat.java:177) ~[tomcat-embed-core-9.0.29.jar:9.0.29]
	at org.apache.tomcat.util.scan.JarFileUrlJar.<init>(JarFileUrlJar.java:65) ~[tomcat-embed-core-9.0.29.jar:9.0.29]
	at org.apache.tomcat.util.scan.JarFactory.newInstance(JarFactory.java:49) ~[tomcat-embed-core-9.0.29.jar:9.0.29]
	at org.apache.tomcat.util.scan.StandardJarScanner.process(StandardJarScanner.java:374) ~[tomcat-embed-core-9.0.29.jar:9.0.29]
	at org.apache.tomcat.util.scan.StandardJarScanner.processURLs(StandardJarScanner.java:309) [tomcat-embed-core-9.0.29.jar:9.0.29]
	at org.apache.tomcat.util.scan.StandardJarScanner.doScanClassPath(StandardJarScanner.java:266) [tomcat-embed-core-9.0.29.jar:9.0.29]
	at org.apache.tomcat.util.scan.StandardJarScanner.scan(StandardJarScanner.java:229) [tomcat-embed-core-9.0.29.jar:9.0.29]
	at org.apache.jasper.servlet.TldScanner.scanJars(TldScanner.java:262) [tomcat-embed-jasper-9.0.29.jar:9.0.29]
	at org.apache.jasper.servlet.TldScanner.scan(TldScanner.java:104) [tomcat-embed-jasper-9.0.29.jar:9.0.29]
	at org.apache.jasper.servlet.JasperInitializer.onStartup(JasperInitializer.java:83) [tomcat-embed-jasper-9.0.29.jar:9.0.29]
	at org.apache.catalina.core.StandardContext.startInternal(StandardContext.java:5135) [tomcat-embed-core-9.0.29.jar:9.0.29]
	at org.apache.catalina.util.LifecycleBase.start(LifecycleBase.java:183) [tomcat-embed-core-9.0.29.jar:9.0.29]
	at org.apache.catalina.core.ContainerBase$StartChild.call(ContainerBase.java:1384) [tomcat-embed-core-9.0.29.jar:9.0.29]
	at org.apache.catalina.core.ContainerBase$StartChild.call(ContainerBase.java:1374) [tomcat-embed-core-9.0.29.jar:9.0.29]
	at java.util.concurrent.FutureTask.run(FutureTask.java:266) [?:1.8.0_191]
	at org.apache.tomcat.util.threads.InlineExecutorService.execute(InlineExecutorService.java:75) [tomcat-embed-core-9.0.29.jar:9.0.29]
	at java.util.concurrent.AbstractExecutorService.submit(AbstractExecutorService.java:134) [?:1.8.0_191]
	at org.apache.catalina.core.ContainerBase.startInternal(ContainerBase.java:909) [tomcat-embed-core-9.0.29.jar:9.0.29]
	at org.apache.catalina.core.StandardHost.startInternal(StandardHost.java:841) [tomcat-embed-core-9.0.29.jar:9.0.29]
	at org.apache.catalina.util.LifecycleBase.start(LifecycleBase.java:183) [tomcat-embed-core-9.0.29.jar:9.0.29]
	at org.apache.catalina.core.ContainerBase$StartChild.call(ContainerBase.java:1384) [tomcat-embed-core-9.0.29.jar:9.0.29]
	at org.apache.catalina.core.ContainerBase$StartChild.call(ContainerBase.java:1374) [tomcat-embed-core-9.0.29.jar:9.0.29]
	at java.util.concurrent.FutureTask.run(FutureTask.java:266) [?:1.8.0_191]
	at org.apache.tomcat.util.threads.InlineExecutorService.execute(InlineExecutorService.java:75) [tomcat-embed-core-9.0.29.jar:9.0.29]
	at java.util.concurrent.AbstractExecutorService.submit(AbstractExecutorService.java:134) [?:1.8.0_191]
	at org.apache.catalina.core.ContainerBase.startInternal(ContainerBase.java:909) [tomcat-embed-core-9.0.29.jar:9.0.29]
	at org.apache.catalina.core.StandardEngine.startInternal(StandardEngine.java:262) [tomcat-embed-core-9.0.29.jar:9.0.29]
	at org.apache.catalina.util.LifecycleBase.start(LifecycleBase.java:183) [tomcat-embed-core-9.0.29.jar:9.0.29]
	at org.apache.catalina.core.StandardService.startInternal(StandardService.java:421) [tomcat-embed-core-9.0.29.jar:9.0.29]
	at org.apache.catalina.util.LifecycleBase.start(LifecycleBase.java:183) [tomcat-embed-core-9.0.29.jar:9.0.29]
	at org.apache.catalina.core.StandardServer.startInternal(StandardServer.java:930) [tomcat-embed-core-9.0.29.jar:9.0.29]
	at org.apache.catalina.util.LifecycleBase.start(LifecycleBase.java:183) [tomcat-embed-core-9.0.29.jar:9.0.29]
	at org.apache.catalina.startup.Tomcat.start(Tomcat.java:459) [tomcat-embed-core-9.0.29.jar:9.0.29]
	at org.springframework.boot.web.embedded.tomcat.TomcatWebServer.initialize(TomcatWebServer.java:107) [spring-boot-2.2.2.RELEASE.jar:2.2.2.RELEASE]
	at org.springframework.boot.web.embedded.tomcat.TomcatWebServer.<init>(TomcatWebServer.java:88) [spring-boot-2.2.2.RELEASE.jar:2.2.2.RELEASE]
	at org.springframework.boot.web.embedded.tomcat.TomcatServletWebServerFactory.getTomcatWebServer(TomcatServletWebServerFactory.java:438) [spring-boot-2.2.2.RELEASE.jar:2.2.2.RELEASE]
	at org.springframework.boot.web.embedded.tomcat.TomcatServletWebServerFactory.getWebServer(TomcatServletWebServerFactory.java:191) [spring-boot-2.2.2.RELEASE.jar:2.2.2.RELEASE]
	at org.springframework.boot.web.servlet.context.ServletWebServerApplicationContext.createWebServer(ServletWebServerApplicationContext.java:180) [spring-boot-2.2.2.RELEASE.jar:2.2.2.RELEASE]
	at org.springframework.boot.web.servlet.context.ServletWebServerApplicationContext.onRefresh(ServletWebServerApplicationContext.java:153) [spring-boot-2.2.2.RELEASE.jar:2.2.2.RELEASE]
	at org.springframework.context.support.AbstractApplicationContext.refresh(AbstractApplicationContext.java:544) [spring-context-5.2.2.RELEASE.jar:5.2.2.RELEASE]
	at org.springframework.boot.web.servlet.context.ServletWebServerApplicationContext.refresh(ServletWebServerApplicationContext.java:141) [spring-boot-2.2.2.RELEASE.jar:2.2.2.RELEASE]
	at org.springframework.boot.SpringApplication.refresh(SpringApplication.java:747) [spring-boot-2.2.2.RELEASE.jar:2.2.2.RELEASE]
	at org.springframework.boot.SpringApplication.refreshContext(SpringApplication.java:397) [spring-boot-2.2.2.RELEASE.jar:2.2.2.RELEASE]
	at org.springframework.boot.SpringApplication.run(SpringApplication.java:315) [spring-boot-2.2.2.RELEASE.jar:2.2.2.RELEASE]
	at org.springframework.boot.SpringApplication.run(SpringApplication.java:1226) [spring-boot-2.2.2.RELEASE.jar:2.2.2.RELEASE]
	at org.springframework.boot.SpringApplication.run(SpringApplication.java:1215) [spring-boot-2.2.2.RELEASE.jar:2.2.2.RELEASE]
	at com.panther.gradadm.GradadmApplication.main(GradadmApplication.java:22) [classes/:?]
2020-03-13 14:05:09,407 INFO o.a.j.l.DirectJDKLog [main] At least one JAR was scanned for TLDs yet contained no TLDs. Enable debug logging for this logger for a complete list of JARs that were scanned but no TLDs were found in them. Skipping unneeded JARs during scanning can improve startup time and JSP compilation time.
2020-03-13 14:05:09,416 INFO o.a.j.l.DirectJDKLog [main] Initializing Spring embedded WebApplicationContext
2020-03-13 14:05:09,416 INFO o.s.b.w.s.c.ServletWebServerApplicationContext [main] Root WebApplicationContext: initialization completed in 1513 ms
2020-03-13 14:05:09,585 INFO c.m.v.l.s.Slf4jMLog$Slf4jMLogger$InfoLogger [MLog-Init-Reporter] MLog clients using slf4j logging.
2020-03-13 14:05:09,624 INFO c.m.v.l.s.Slf4jMLog$Slf4jMLogger$InfoLogger [main] Initializing c3p0-0.9.5.3 [built 27-January-2019 00:11:37 -0800; debug? true; trace: 10]
2020-03-13 14:05:09,781 WARN o.s.s.c.u.User [main] User.withDefaultPasswordEncoder() is considered unsafe for production and is only intended for sample applications.
2020-03-13 14:05:10,322 INFO o.s.s.w.DefaultSecurityFilterChain [main] Creating filter chain: any request, [org.springframework.security.web.context.request.async.WebAsyncManagerIntegrationFilter@5529ff44, org.springframework.security.web.context.SecurityContextPersistenceFilter@628b819d, org.springframework.security.web.header.HeaderWriterFilter@1dcedc93, org.springframework.security.web.csrf.CsrfFilter@2e4389ed, org.springframework.security.web.authentication.logout.LogoutFilter@3f63a513, org.springframework.security.web.authentication.UsernamePasswordAuthenticationFilter@1235151c, org.springframework.security.web.savedrequest.RequestCacheAwareFilter@478b0739, org.springframework.security.web.servletapi.SecurityContextHolderAwareRequestFilter@6397248c, org.springframework.security.web.authentication.AnonymousAuthenticationFilter@14447be, org.springframework.security.web.session.SessionManagementFilter@716185fe, org.springframework.security.web.access.ExceptionTranslationFilter@7edb6fca, org.springframework.security.web.access.intercept.FilterSecurityInterceptor@36776c32]
2020-03-13 14:05:10,480 INFO o.s.s.c.ExecutorConfigurationSupport [main] Initializing ExecutorService 'applicationTaskExecutor'
2020-03-13 14:05:10,680 INFO o.a.j.l.DirectJDKLog [main] Starting ProtocolHandler ["http-nio-8080"]
2020-03-13 14:05:10,726 INFO o.s.b.StartupInfoLogger [main] Started GradadmApplication in 3.421 seconds (JVM running for 5.404)
2020-03-13 14:05:17,259 INFO o.a.j.l.DirectJDKLog [http-nio-8080-exec-1] Initializing Spring DispatcherServlet 'dispatcherServlet'
2020-03-13 14:05:17,259 INFO o.s.w.s.FrameworkServlet [http-nio-8080-exec-1] Initializing Servlet 'dispatcherServlet'
2020-03-13 14:05:17,268 INFO o.s.w.s.FrameworkServlet [http-nio-8080-exec-1] Completed initialization in 8 ms
2020-03-13 14:05:58,352 DEBUG c.p.g.c.LoginController [http-nio-8080-exec-2] Inside: LoginController:showStudentDashBoard()
2020-03-13 14:09:47,292 INFO o.s.s.c.ExecutorConfigurationSupport [RMI TCP Connection(7)-127.0.0.1] Shutting down ExecutorService 'applicationTaskExecutor'
